<?xml version="1.0" encoding="UTF-8"?>
<!-- Generated by org.testng.reporters.JUnitXMLReporter -->
<testsuite ignored="0" hostname="lENOVO-PC" failures="0" tests="6" name="Default test" time="64.812" errors="0" timestamp="2023-06-10T06:20:30 IST">
  <testcase classname="api.test.DDTests" name="testPostUser" time="33.221"/>
  <testcase classname="api.test.DDTests" name="testPostUser" time="1.962"/>
  <testcase classname="api.test.DDTests" name="testPostUser" time="1.952"/>
  <testcase classname="api.test.DDTests" name="testDeleteUserByName" time="2.389"/>
  <testcase classname="api.test.DDTests" name="testDeleteUserByName" time="1.58"/>
  <testcase classname="api.test.DDTests" name="testDeleteUserByName" time="1.553"/>
</testsuite> <!-- Default test -->
