<?xml version="1.0" encoding="UTF-8"?>
<!-- Generated by org.testng.reporters.JUnitXMLReporter -->
<testsuite ignored="0" hostname="lENOVO-PC" failures="0" tests="4" name="PetTest" time="31.914" errors="0" timestamp="2023-06-10T07:12:33 IST">
  <testcase classname="api.test.UserTests2" name="test_postUser" time="15.411"/>
  <testcase classname="api.test.UserTests2" name="testGetUserByName" time="2.225"/>
  <testcase classname="api.test.UserTests2" name="testUpdateUserByName" time="6.15"/>
  <testcase classname="api.test.UserTests2" name="testDeleteUserByName" time="1.652"/>
</testsuite> <!-- PetTest -->
