<?xml version="1.0" encoding="UTF-8"?>
<!-- Generated by org.testng.reporters.JUnitXMLReporter -->
<testsuite ignored="0" hostname="lENOVO-PC" failures="0" tests="10" name="PetTest" time="51.861" errors="0" timestamp="2023-06-10T06:25:16 IST">
  <testcase classname="api.test.UserTests" name="test_postUser" time="13.687"/>
  <testcase classname="api.test.UserTests" name="testGetUserByName" time="1.979"/>
  <testcase classname="api.test.UserTests" name="testUpdateUserByName" time="10.475"/>
  <testcase classname="api.test.UserTests" name="testDeleteUserByName" time="2.029"/>
  <testcase classname="api.test.DDTests" name="testPostUser" time="1.804"/>
  <testcase classname="api.test.DDTests" name="testPostUser" time="1.943"/>
  <testcase classname="api.test.DDTests" name="testPostUser" time="1.917"/>
  <testcase classname="api.test.DDTests" name="testDeleteUserByName" time="1.536"/>
  <testcase classname="api.test.DDTests" name="testDeleteUserByName" time="1.664"/>
  <testcase classname="api.test.DDTests" name="testDeleteUserByName" time="1.926"/>
</testsuite> <!-- PetTest -->
